2019-10-01 09:48:29,258 [Worker-2: Loading available Gradle versions] INFO  o.e.b.c.i.u.g.PublishedGradleVersions - Gradle version information cache is out-of-date. Trying to update.
2019-10-01 09:50:13,888 [Worker-3: Building workspace] INFO  o.e.m.c.i.l.LifecycleMappingFactory - Using org.maven.ide.eclipse.wtp.WarLifecycleMapping lifecycle mapping for MavenProject: com.zensar.myweb:EclipseZensarShopee:0.0.1-SNAPSHOT @ D:\maven\EclipseProject\EclipseZensarShopee\pom.xml.
2019-10-01 09:50:13,888 [Worker-7: Updating Maven Dependencies] INFO  o.e.m.c.i.l.LifecycleMappingFactory - Using org.maven.ide.eclipse.wtp.WarLifecycleMapping lifecycle mapping for MavenProject: com.zensar.myweb:EclipseZensarShopee:0.0.1-SNAPSHOT @ D:\maven\EclipseProject\EclipseZensarShopee\pom.xml.
2019-10-01 09:50:17,785 [Worker-3: Building workspace] WARN  o.e.m.c.i.embedder.EclipseLogger - Using platform encoding (Cp1252 actually) to copy filtered resources, i.e. build is platform dependent!
2019-10-01 09:50:17,794 [Worker-3: Building workspace] INFO  o.e.m.c.i.embedder.EclipseLogger - Copying 0 resource
2019-10-01 09:50:17,797 [Worker-3: Building workspace] WARN  o.e.m.c.i.embedder.EclipseLogger - Using platform encoding (Cp1252 actually) to copy filtered resources, i.e. build is platform dependent!
2019-10-01 09:50:17,799 [Worker-3: Building workspace] INFO  o.e.m.c.i.embedder.EclipseLogger - skip non existing resourceDirectory D:\maven\EclipseProject\EclipseZensarShopee\src\test\resources
2019-10-01 09:50:18,249 [Worker-7: Building workspace] WARN  o.e.m.c.i.embedder.EclipseLogger - Using platform encoding (Cp1252 actually) to copy filtered resources, i.e. build is platform dependent!
2019-10-01 09:50:18,277 [Worker-7: Building workspace] INFO  o.e.m.c.i.embedder.EclipseLogger - Copying 0 resource
2019-10-01 09:50:18,282 [Worker-7: Building workspace] WARN  o.e.m.c.i.embedder.EclipseLogger - Using platform encoding (Cp1252 actually) to copy filtered resources, i.e. build is platform dependent!
2019-10-01 09:50:18,284 [Worker-7: Building workspace] INFO  o.e.m.c.i.embedder.EclipseLogger - skip non existing resourceDirectory D:\maven\EclipseProject\EclipseZensarShopee\src\test\resources
2019-10-01 09:50:20,927 [Worker-4: Updating Maven Dependencies] INFO  o.e.m.c.i.l.LifecycleMappingFactory - Using org.maven.ide.eclipse.wtp.WarLifecycleMapping lifecycle mapping for MavenProject: com.zensar.myweb:EclipseZensarShopee:0.0.1-SNAPSHOT @ D:\maven\EclipseProject\EclipseZensarShopee\pom.xml.
2019-10-01 09:50:22,752 [Worker-11: Building workspace] WARN  o.e.m.c.i.embedder.EclipseLogger - Using platform encoding (Cp1252 actually) to copy filtered resources, i.e. build is platform dependent!
2019-10-01 09:50:22,756 [Worker-11: Building workspace] INFO  o.e.m.c.i.embedder.EclipseLogger - Copying 0 resource
2019-10-01 09:50:22,759 [Worker-11: Building workspace] WARN  o.e.m.c.i.embedder.EclipseLogger - Using platform encoding (Cp1252 actually) to copy filtered resources, i.e. build is platform dependent!
2019-10-01 09:50:22,761 [Worker-11: Building workspace] INFO  o.e.m.c.i.embedder.EclipseLogger - skip non existing resourceDirectory D:\maven\EclipseProject\EclipseZensarShopee\src\test\resources
2019-10-01 09:51:14,811 [Worker-6: Building workspace] WARN  o.e.m.c.i.embedder.EclipseLogger - Using platform encoding (Cp1252 actually) to copy filtered resources, i.e. build is platform dependent!
2019-10-01 09:51:14,813 [Worker-6: Building workspace] INFO  o.e.m.c.i.embedder.EclipseLogger - Copying 0 resource
2019-10-01 09:51:14,815 [Worker-6: Building workspace] WARN  o.e.m.c.i.embedder.EclipseLogger - Using platform encoding (Cp1252 actually) to copy filtered resources, i.e. build is platform dependent!
2019-10-01 09:51:14,817 [Worker-6: Building workspace] INFO  o.e.m.c.i.embedder.EclipseLogger - skip non existing resourceDirectory D:\maven\EclipseProject\EclipseZensarShopee\src\test\resources
2019-10-01 09:51:19,205 [main] INFO  o.e.m2e.actions.ExecutePomAction - Creating new launch configuration
2019-10-01 09:51:39,786 [Worker-9: Launching EclipseZensarShopee] INFO  o.e.m.i.launch.MavenLaunchDelegate - D:\maven\EclipseProject\EclipseZensarShopee
2019-10-01 09:51:39,787 [Worker-9: Launching EclipseZensarShopee] INFO  o.e.m.i.launch.MavenLaunchDelegate -  mvn -B clean package
